0 info it worked if it ends with ok
1 verbose cli [ 'G:\\App\\nodejs\\\\node.exe',
1 verbose cli   'G:\\App\\nodejs\\node_modules\\npm\\bin\\npm-cli.js',
1 verbose cli   'install',
1 verbose cli   'sleep' ]
2 info using npm@2.5.1
3 info using node@v0.12.1
4 verbose node symlink G:\App\nodejs\\node.exe
5 warn package.json cradle@0.6.9 No repository field.
6 silly cache add args [ 'sleep', null ]
7 verbose cache add spec sleep
8 silly cache add parsed spec { raw: 'sleep',
8 silly cache add   scope: null,
8 silly cache add   name: 'sleep',
8 silly cache add   rawSpec: '',
8 silly cache add   spec: '*',
8 silly cache add   type: 'range' }
9 verbose addNamed sleep@*
10 silly addNamed semver.valid null
11 silly addNamed semver.validRange *
12 silly addNameRange { name: 'sleep', range: '*', hasData: false }
13 silly mapToRegistry name sleep
14 silly mapToRegistry using default registry
15 silly mapToRegistry registry https://registry.npmjs.org/
16 silly mapToRegistry uri https://registry.npmjs.org/sleep
17 verbose addNameRange registry:https://registry.npmjs.org/sleep not in flight; fetching
18 verbose request uri https://registry.npmjs.org/sleep
19 verbose request no auth needed
20 info attempt registry request try #1 at 4:13:23 PM
21 verbose request id 39ccf16fd33b842e
22 http request GET https://registry.npmjs.org/sleep
23 http 200 https://registry.npmjs.org/sleep
24 silly get cb [ 200,
24 silly get   { server: 'CouchDB/1.5.0 (Erlang OTP/R16B03)',
24 silly get     etag: '"8CHWCM8WTGDTT20DRUI12JGGO"',
24 silly get     'content-type': 'application/json',
24 silly get     'cache-control': 'max-age=60',
24 silly get     'content-length': '14691',
24 silly get     'accept-ranges': 'bytes',
24 silly get     date: 'Tue, 16 Jun 2015 09:13:22 GMT',
24 silly get     via: '1.1 varnish',
24 silly get     age: '0',
24 silly get     connection: 'keep-alive',
24 silly get     'x-served-by': 'cache-sjc3135-SJC',
24 silly get     'x-cache': 'HIT',
24 silly get     'x-cache-hits': '1',
24 silly get     'x-timer': 'S1434446002.337518,VS0,VE83',
24 silly get     vary: 'Accept' } ]
25 verbose get saving sleep to C:\Users\Arie\AppData\Roaming\npm-cache\registry.npmjs.org\sleep\.cache.json
26 silly addNameRange number 2 { name: 'sleep', range: '*', hasData: true }
27 silly addNameRange versions [ 'sleep',
27 silly addNameRange   [ '1.0.0',
27 silly addNameRange     '1.0.1',
27 silly addNameRange     '1.0.2',
27 silly addNameRange     '1.1.0',
27 silly addNameRange     '1.1.1',
27 silly addNameRange     '1.1.2',
27 silly addNameRange     '1.1.3',
27 silly addNameRange     '1.1.4',
27 silly addNameRange     '1.1.5',
27 silly addNameRange     '1.1.6',
27 silly addNameRange     '1.1.7',
27 silly addNameRange     '1.1.8',
27 silly addNameRange     '1.2.0',
27 silly addNameRange     '2.0.0' ] ]
28 verbose addNamed sleep@2.0.0
29 silly addNamed semver.valid 2.0.0
30 silly addNamed semver.validRange 2.0.0
31 silly mapToRegistry name sleep
32 silly mapToRegistry using default registry
33 silly mapToRegistry registry https://registry.npmjs.org/
34 silly mapToRegistry uri https://registry.npmjs.org/sleep
35 verbose addRemoteTarball https://registry.npmjs.org/sleep/-/sleep-2.0.0.tgz not in flight; adding
36 verbose addRemoteTarball [ 'https://registry.npmjs.org/sleep/-/sleep-2.0.0.tgz',
36 verbose addRemoteTarball   '96d8ef97970ecad464b146ea5e86dd5d6ceb65bc' ]
37 info retry fetch attempt 1 at 4:13:24 PM
38 info attempt registry request try #1 at 4:13:24 PM
39 http fetch GET https://registry.npmjs.org/sleep/-/sleep-2.0.0.tgz
40 http fetch 200 https://registry.npmjs.org/sleep/-/sleep-2.0.0.tgz
41 silly fetchAndShaCheck shasum 96d8ef97970ecad464b146ea5e86dd5d6ceb65bc
42 verbose addTmpTarball C:\Users\Arie\AppData\Local\Temp\npm-6584-f66eac0d\registry.npmjs.org\sleep\-\sleep-2.0.0.tgz not in flight; adding
43 verbose addTmpTarball already have metadata; skipping unpack for sleep@2.0.0
44 silly cache afterAdd sleep@2.0.0
45 verbose afterAdd C:\Users\Arie\AppData\Roaming\npm-cache\sleep\2.0.0\package\package.json not in flight; writing
46 verbose afterAdd C:\Users\Arie\AppData\Roaming\npm-cache\sleep\2.0.0\package\package.json written
47 silly install resolved [ { name: 'sleep',
47 silly install resolved     version: '2.0.0',
47 silly install resolved     main: 'index.js',
47 silly install resolved     description: 'Add sleep() and usleep() to nodejs',
47 silly install resolved     homepage: 'http://github.com/ErikDubbelboer/node-sleep',
47 silly install resolved     author: { name: 'Erik Dubbelboer', email: 'erik@dubbelboer.com' },
47 silly install resolved     engines: { node: '>=0.4.0' },
47 silly install resolved     keywords: [ 'sleep', 'usleep' ],
47 silly install resolved     repository:
47 silly install resolved      { type: 'git',
47 silly install resolved        url: 'https://github.com/ErikDubbelboer/node-sleep.git' },
47 silly install resolved     dependencies: { nan: '*' },
47 silly install resolved     gypfile: true,
47 silly install resolved     scripts: { install: 'node-gyp rebuild' },
47 silly install resolved     gitHead: '3c850e05250d3ad72499fb0cefc4be13e9ce24d2',
47 silly install resolved     bugs: { url: 'https://github.com/ErikDubbelboer/node-sleep/issues' },
47 silly install resolved     _id: 'sleep@2.0.0',
47 silly install resolved     _shasum: '96d8ef97970ecad464b146ea5e86dd5d6ceb65bc',
47 silly install resolved     _from: 'sleep@*',
47 silly install resolved     _npmVersion: '1.4.28',
47 silly install resolved     _npmUser: { name: 'erikdubbelboer', email: 'erik@dubbelboer.com' },
47 silly install resolved     maintainers: [ [Object] ],
47 silly install resolved     dist:
47 silly install resolved      { shasum: '96d8ef97970ecad464b146ea5e86dd5d6ceb65bc',
47 silly install resolved        tarball: 'http://registry.npmjs.org/sleep/-/sleep-2.0.0.tgz' },
47 silly install resolved     directories: {},
47 silly install resolved     _resolved: 'https://registry.npmjs.org/sleep/-/sleep-2.0.0.tgz' } ]
48 info install sleep@2.0.0 into G:\Arie\Project\Node.js\blog
49 info installOne sleep@2.0.0
50 verbose installOne of sleep to G:\Arie\Project\Node.js\blog not in flight; installing
51 verbose lock using C:\Users\Arie\AppData\Roaming\npm-cache\_locks\sleep-d5b8963f076acf8b.lock for G:\Arie\Project\Node.js\blog\node_modules\sleep
52 silly install write writing sleep 2.0.0 to G:\Arie\Project\Node.js\blog\node_modules\sleep
53 silly cache addNamed cb sleep@2.0.0
54 verbose unbuild node_modules\sleep
55 verbose gentlyRm vacuuming G:\Arie\Project\Node.js\blog\node_modules\sleep
56 verbose tar unpack C:\Users\Arie\AppData\Roaming\npm-cache\sleep\2.0.0\package.tgz
57 verbose tar unpacking to G:\Arie\Project\Node.js\blog\node_modules\sleep
58 verbose gentlyRm vacuuming G:\Arie\Project\Node.js\blog\node_modules\sleep
59 silly gunzTarPerm modes [ '777', '666' ]
60 silly gunzTarPerm extractEntry package.json
61 silly gunzTarPerm modified mode [ 'package.json', 436, 438 ]
62 silly gunzTarPerm extractEntry .npmignore
63 silly gunzTarPerm modified mode [ '.npmignore', 436, 438 ]
64 silly gunzTarPerm extractEntry README.md
65 silly gunzTarPerm modified mode [ 'README.md', 436, 438 ]
66 silly gunzTarPerm extractEntry test.js
67 silly gunzTarPerm modified mode [ 'test.js', 436, 438 ]
68 silly gunzTarPerm extractEntry index.js
69 silly gunzTarPerm modified mode [ 'index.js', 436, 438 ]
70 silly gunzTarPerm extractEntry LICENSE.txt
71 silly gunzTarPerm modified mode [ 'LICENSE.txt', 436, 438 ]
72 silly gunzTarPerm extractEntry sleep.cc
73 silly gunzTarPerm modified mode [ 'sleep.cc', 436, 438 ]
74 silly gunzTarPerm extractEntry binding.gyp
75 silly gunzTarPerm modified mode [ 'binding.gyp', 436, 438 ]
76 info preinstall sleep@2.0.0
77 silly prepareForInstallMany adding nan@* from sleep dependencies
78 silly cache add args [ 'nan@*', null ]
79 verbose cache add spec nan@*
80 silly cache add parsed spec { raw: 'nan@*',
80 silly cache add   scope: null,
80 silly cache add   name: 'nan',
80 silly cache add   rawSpec: '*',
80 silly cache add   spec: '*',
80 silly cache add   type: 'range' }
81 verbose addNamed nan@*
82 silly addNamed semver.valid null
83 silly addNamed semver.validRange *
84 silly addNameRange { name: 'nan', range: '*', hasData: false }
85 silly mapToRegistry name nan
86 silly mapToRegistry using default registry
87 silly mapToRegistry registry https://registry.npmjs.org/
88 silly mapToRegistry uri https://registry.npmjs.org/nan
89 verbose addNameRange registry:https://registry.npmjs.org/nan not in flight; fetching
90 verbose request uri https://registry.npmjs.org/nan
91 verbose request no auth needed
92 info attempt registry request try #1 at 4:13:25 PM
93 http request GET https://registry.npmjs.org/nan
94 http 200 https://registry.npmjs.org/nan
95 silly get cb [ 200,
95 silly get   { server: 'CouchDB/1.5.0 (Erlang OTP/R16B03)',
95 silly get     etag: '"CWMZR9BQ6YD6KL99MGG0CU5U5"',
95 silly get     'content-type': 'application/json',
95 silly get     'cache-control': 'max-age=60',
95 silly get     'content-length': '109590',
95 silly get     'accept-ranges': 'bytes',
95 silly get     date: 'Tue, 16 Jun 2015 09:13:24 GMT',
95 silly get     via: '1.1 varnish',
95 silly get     age: '0',
95 silly get     connection: 'keep-alive',
95 silly get     'x-served-by': 'cache-sjc3133-SJC',
95 silly get     'x-cache': 'HIT',
95 silly get     'x-cache-hits': '1',
95 silly get     'x-timer': 'S1434446004.480371,VS0,VE40',
95 silly get     vary: 'Accept' } ]
96 verbose get saving nan to C:\Users\Arie\AppData\Roaming\npm-cache\registry.npmjs.org\nan\.cache.json
97 silly addNameRange number 2 { name: 'nan', range: '*', hasData: true }
98 silly addNameRange versions [ 'nan',
98 silly addNameRange   [ '0.3.0-wip',
98 silly addNameRange     '0.3.0-wip2',
98 silly addNameRange     '0.3.0',
98 silly addNameRange     '0.3.1',
98 silly addNameRange     '0.3.2',
98 silly addNameRange     '0.4.0',
98 silly addNameRange     '0.4.1',
98 silly addNameRange     '0.4.2',
98 silly addNameRange     '0.4.3',
98 silly addNameRange     '0.4.4',
98 silly addNameRange     '0.5.0',
98 silly addNameRange     '0.5.1',
98 silly addNameRange     '0.5.2',
98 silly addNameRange     '0.6.0',
98 silly addNameRange     '0.7.0',
98 silly addNameRange     '0.7.1',
98 silly addNameRange     '0.8.0',
98 silly addNameRange     '1.0.0',
98 silly addNameRange     '1.1.0',
98 silly addNameRange     '1.1.1',
98 silly addNameRange     '1.1.2',
98 silly addNameRange     '1.2.0',
98 silly addNameRange     '1.3.0',
98 silly addNameRange     '1.4.0',
98 silly addNameRange     '1.4.1',
98 silly addNameRange     '1.5.0',
98 silly addNameRange     '1.4.2',
98 silly addNameRange     '1.4.3',
98 silly addNameRange     '1.5.1',
98 silly addNameRange     '1.5.2',
98 silly addNameRange     '1.6.0',
98 silly addNameRange     '1.5.3',
98 silly addNameRange     '1.6.1',
98 silly addNameRange     '1.6.2',
98 silly addNameRange     '1.7.0',
98 silly addNameRange     '1.8.0',
98 silly addNameRange     '1.8.1',
98 silly addNameRange     '1.8.2',
98 silly addNameRange     '1.8.3',
98 silly addNameRange     '1.8.4' ] ]
99 verbose addNamed nan@1.8.4
100 silly addNamed semver.valid 1.8.4
101 silly addNamed semver.validRange 1.8.4
102 silly mapToRegistry name nan
103 silly mapToRegistry using default registry
104 silly mapToRegistry registry https://registry.npmjs.org/
105 silly mapToRegistry uri https://registry.npmjs.org/nan
106 verbose addRemoteTarball https://registry.npmjs.org/nan/-/nan-1.8.4.tgz not in flight; adding
107 verbose addRemoteTarball [ 'https://registry.npmjs.org/nan/-/nan-1.8.4.tgz',
107 verbose addRemoteTarball   '3c76b5382eab33e44b758d2813ca9d92e9342f34' ]
108 info retry fetch attempt 1 at 4:13:28 PM
109 info attempt registry request try #1 at 4:13:28 PM
110 http fetch GET https://registry.npmjs.org/nan/-/nan-1.8.4.tgz
111 http fetch 200 https://registry.npmjs.org/nan/-/nan-1.8.4.tgz
112 silly fetchAndShaCheck shasum 3c76b5382eab33e44b758d2813ca9d92e9342f34
113 verbose addTmpTarball C:\Users\Arie\AppData\Local\Temp\npm-6584-f66eac0d\registry.npmjs.org\nan\-\nan-1.8.4.tgz not in flight; adding
114 verbose addTmpTarball already have metadata; skipping unpack for nan@1.8.4
115 silly cache afterAdd nan@1.8.4
116 verbose afterAdd C:\Users\Arie\AppData\Roaming\npm-cache\nan\1.8.4\package\package.json not in flight; writing
117 verbose afterAdd C:\Users\Arie\AppData\Roaming\npm-cache\nan\1.8.4\package\package.json written
118 silly install resolved [ { name: 'nan',
118 silly install resolved     version: '1.8.4',
118 silly install resolved     description: 'Native Abstractions for Node.js: C++ header for Node 0.8->0.12 compatibility',
118 silly install resolved     main: 'include_dirs.js',
118 silly install resolved     repository: { type: 'git', url: 'git://github.com/iojs/nan.git' },
118 silly install resolved     scripts:
118 silly install resolved      { test: 'tap --gc test/js/*-test.js',
118 silly install resolved        'rebuild-tests': 'pangyp rebuild --directory test' },
118 silly install resolved     contributors:
118 silly install resolved      [ [Object],
118 silly install resolved        [Object],
118 silly install resolved        [Object],
118 silly install resolved        [Object],
118 silly install resolved        [Object],
118 silly install resolved        [Object],
118 silly install resolved        [Object] ],
118 silly install resolved     devDependencies:
118 silly install resolved      { bindings: '~1.2.1',
118 silly install resolved        'node-gyp': '~1.0.2',
118 silly install resolved        pangyp: '~2.0.1',
118 silly install resolved        tap: '~0.7.1',
118 silly install resolved        xtend: '~4.0.0' },
118 silly install resolved     license: 'MIT',
118 silly install resolved     gitHead: 'ed3bbf4ced0cf7937b4e4164766797f71aa97f3d',
118 silly install resolved     bugs: { url: 'https://github.com/iojs/nan/issues' },
118 silly install resolved     homepage: 'https://github.com/iojs/nan#readme',
118 silly install resolved     _id: 'nan@1.8.4',
118 silly install resolved     _shasum: '3c76b5382eab33e44b758d2813ca9d92e9342f34',
118 silly install resolved     _from: 'nan@*',
118 silly install resolved     _npmVersion: '2.8.3',
118 silly install resolved     _nodeVersion: '0.12.2',
118 silly install resolved     _npmUser: { name: 'kkoopa', email: 'bbyholm@abo.fi' },
118 silly install resolved     maintainers: [ [Object], [Object] ],
118 silly install resolved     dist:
118 silly install resolved      { shasum: '3c76b5382eab33e44b758d2813ca9d92e9342f34',
118 silly install resolved        tarball: 'http://registry.npmjs.org/nan/-/nan-1.8.4.tgz' },
118 silly install resolved     directories: {},
118 silly install resolved     _resolved: 'https://registry.npmjs.org/nan/-/nan-1.8.4.tgz' } ]
119 info install nan@1.8.4 into G:\Arie\Project\Node.js\blog\node_modules\sleep
120 info installOne nan@1.8.4
121 verbose installOne of nan to G:\Arie\Project\Node.js\blog\node_modules\sleep not in flight; installing
122 verbose lock using C:\Users\Arie\AppData\Roaming\npm-cache\_locks\nan-415759bf09a2198b.lock for G:\Arie\Project\Node.js\blog\node_modules\sleep\node_modules\nan
123 silly install write writing nan 1.8.4 to G:\Arie\Project\Node.js\blog\node_modules\sleep\node_modules\nan
124 silly cache addNamed cb nan@1.8.4
125 verbose unbuild node_modules\sleep\node_modules\nan
126 verbose gentlyRm vacuuming G:\Arie\Project\Node.js\blog\node_modules\sleep\node_modules\nan
127 verbose tar unpack C:\Users\Arie\AppData\Roaming\npm-cache\nan\1.8.4\package.tgz
128 verbose tar unpacking to G:\Arie\Project\Node.js\blog\node_modules\sleep\node_modules\nan
129 verbose gentlyRm vacuuming G:\Arie\Project\Node.js\blog\node_modules\sleep\node_modules\nan
130 silly gunzTarPerm modes [ '777', '666' ]
131 silly gunzTarPerm extractEntry package.json
132 silly gunzTarPerm modified mode [ 'package.json', 436, 438 ]
133 silly gunzTarPerm extractEntry README.md
134 silly gunzTarPerm modified mode [ 'README.md', 436, 438 ]
135 silly gunzTarPerm extractEntry include_dirs.js
136 silly gunzTarPerm modified mode [ 'include_dirs.js', 436, 438 ]
137 silly gunzTarPerm extractEntry LICENSE.md
138 silly gunzTarPerm modified mode [ 'LICENSE.md', 436, 438 ]
139 silly gunzTarPerm extractEntry .dntrc
140 silly gunzTarPerm modified mode [ '.dntrc', 436, 438 ]
141 silly gunzTarPerm extractEntry appveyor.yml
142 silly gunzTarPerm modified mode [ 'appveyor.yml', 436, 438 ]
143 silly gunzTarPerm extractEntry nan.h
144 silly gunzTarPerm modified mode [ 'nan.h', 436, 438 ]
145 silly gunzTarPerm extractEntry nan_implementation_12_inl.h
146 silly gunzTarPerm modified mode [ 'nan_implementation_12_inl.h', 436, 438 ]
147 silly gunzTarPerm extractEntry nan_implementation_pre_12_inl.h
148 silly gunzTarPerm modified mode [ 'nan_implementation_pre_12_inl.h', 436, 438 ]
149 silly gunzTarPerm extractEntry nan_new.h
150 silly gunzTarPerm modified mode [ 'nan_new.h', 436, 438 ]
151 silly gunzTarPerm extractEntry nan_string_bytes.h
152 silly gunzTarPerm modified mode [ 'nan_string_bytes.h', 436, 438 ]
153 silly gunzTarPerm extractEntry CHANGELOG.md
154 silly gunzTarPerm modified mode [ 'CHANGELOG.md', 436, 438 ]
155 info preinstall nan@1.8.4
156 silly install resolved []
157 verbose about to build G:\Arie\Project\Node.js\blog\node_modules\sleep\node_modules\nan
158 info build G:\Arie\Project\Node.js\blog\node_modules\sleep\node_modules\nan
159 verbose linkStuff [ false,
159 verbose linkStuff   false,
159 verbose linkStuff   false,
159 verbose linkStuff   'G:\\Arie\\Project\\Node.js\\blog\\node_modules\\sleep\\node_modules' ]
160 info linkStuff nan@1.8.4
161 verbose linkBins nan@1.8.4
162 verbose linkMans nan@1.8.4
163 verbose rebuildBundles nan@1.8.4
164 info install nan@1.8.4
165 info postinstall nan@1.8.4
166 verbose unlock done using C:\Users\Arie\AppData\Roaming\npm-cache\_locks\nan-415759bf09a2198b.lock for G:\Arie\Project\Node.js\blog\node_modules\sleep\node_modules\nan
167 verbose about to build G:\Arie\Project\Node.js\blog\node_modules\sleep
168 info build G:\Arie\Project\Node.js\blog\node_modules\sleep
169 verbose linkStuff [ false,
169 verbose linkStuff   false,
169 verbose linkStuff   false,
169 verbose linkStuff   'G:\\Arie\\Project\\Node.js\\blog\\node_modules' ]
170 info linkStuff sleep@2.0.0
171 verbose linkBins sleep@2.0.0
172 verbose linkMans sleep@2.0.0
173 verbose rebuildBundles sleep@2.0.0
174 verbose rebuildBundles [ 'nan' ]
175 info install sleep@2.0.0
176 verbose unsafe-perm in lifecycle true
177 info sleep@2.0.0 Failed to exec install script
178 verbose unlock done using C:\Users\Arie\AppData\Roaming\npm-cache\_locks\sleep-d5b8963f076acf8b.lock for G:\Arie\Project\Node.js\blog\node_modules\sleep
179 verbose stack Error: sleep@2.0.0 install: `node-gyp rebuild`
179 verbose stack Exit status 1
179 verbose stack     at EventEmitter.<anonymous> (G:\App\nodejs\node_modules\npm\lib\utils\lifecycle.js:213:16)
179 verbose stack     at EventEmitter.emit (events.js:110:17)
179 verbose stack     at ChildProcess.<anonymous> (G:\App\nodejs\node_modules\npm\lib\utils\spawn.js:14:12)
179 verbose stack     at ChildProcess.emit (events.js:110:17)
179 verbose stack     at maybeClose (child_process.js:1008:16)
179 verbose stack     at Process.ChildProcess._handle.onexit (child_process.js:1080:5)
180 verbose pkgid sleep@2.0.0
181 verbose cwd G:\Arie\Project\Node.js\blog
182 error Windows_NT 6.1.7600
183 error argv "G:\\App\\nodejs\\\\node.exe" "G:\\App\\nodejs\\node_modules\\npm\\bin\\npm-cli.js" "install" "sleep"
184 error node v0.12.1
185 error npm  v2.5.1
186 error code ELIFECYCLE
187 error sleep@2.0.0 install: `node-gyp rebuild`
187 error Exit status 1
188 error Failed at the sleep@2.0.0 install script 'node-gyp rebuild'.
188 error This is most likely a problem with the sleep package,
188 error not with npm itself.
188 error Tell the author that this fails on your system:
188 error     node-gyp rebuild
188 error You can get their info via:
188 error     npm owner ls sleep
188 error There is likely additional logging output above.
189 verbose exit [ 1, true ]
190 verbose unbuild node_modules\sleep
191 info preuninstall sleep@2.0.0
192 info uninstall sleep@2.0.0
193 verbose unbuild rmStuff sleep@2.0.0 from G:\Arie\Project\Node.js\blog\node_modules
194 info postuninstall sleep@2.0.0
195 verbose gentlyRm vacuuming G:\Arie\Project\Node.js\blog\node_modules\sleep
196 silly gentlyRm purging G:\Arie\Project\Node.js\blog\node_modules\sleep
197 silly gentlyRm quitting because other entries in G:\Arie\Project\Node.js\blog\node_modules
